

==============================
project c:\users\muham\desktop\8th semester\software design and testing\semester project\tcs.rdp
24/06/20 at 18:54 : Simulation started
24/06/20 at 18:58 : control part started
24/06/20 at 18:58 : module 'TestCases_TMCS' testcase 'tc_CallDoctor' verdict 'pass'
24/06/20 at 18:58 : module 'TestCases_TMCS' control part verdict 'pass'
24/06/20 at 18:58 : simulation stopped
24/06/20 at 19:04 : module 'TestCases_TMCS' testcase 'tc_CallDoctor' verdict 'pass'
24/06/20 at 19:04 : module 'TestCases_TMCS' control part verdict 'pass'
24/06/20 at 19:05 : simulation ended


==============================
project c:\users\muham\desktop\8th semester\software design and testing\semester project\tcs.rdp
24/06/20 at 19:27 : Simulation started
24/06/20 at 19:28 : control part started
24/06/20 at 19:28 : module 'TestCases_TMCS' testcase 'tc_CallDoctor' verdict 'pass'
24/06/20 at 19:28 : module 'TestCases_TMCS' control part verdict 'pass'
24/06/20 at 19:33 : simulation ended


==============================
project c:\users\muham\desktop\8th semester\software design and testing\semester project\tcs.rdp
24/06/20 at 20:32 : Simulation started
24/06/20 at 20:32 : control part started
24/06/20 at 20:32 : module 'TestCases_TMCS' testcase 'tc_CallDoctor' verdict 'pass'
24/06/20 at 20:32 : module 'TestCases_TMCS' control part verdict 'pass'
24/06/20 at 20:33 : simulation ended
